[INFO] Scanning for projects...
[INFO] 
[INFO] --------------------< com.wheelio:wheelio-backend >---------------------
[INFO] Building wheelio-backend 0.0.1-SNAPSHOT
[INFO]   from pom.xml
[INFO] --------------------------------[ jar ]---------------------------------
[INFO] 
[INFO] >>> spring-boot:3.2.3:run (default-cli) > test-compile @ wheelio-backend >>>
[INFO] 
[INFO] --- resources:3.3.1:resources (default-resources) @ wheelio-backend ---
[INFO] Copying 1 resource from src\main\resources to target\classes
[INFO] Copying 3 resources from src\main\resources to target\classes
[INFO] 
[INFO] --- compiler:3.11.0:compile (default-compile) @ wheelio-backend ---
[INFO] Nothing to compile - all classes are up to date
[INFO] 
[INFO] --- resources:3.3.1:testResources (default-testResources) @ wheelio-backend ---
[INFO] skip non existing resourceDirectory C:\Users\Vasigaran\Desktop\wheeliofinal-main\wheelio-backend\src\test\resources
[INFO] 
[INFO] --- compiler:3.11.0:testCompile (default-testCompile) @ wheelio-backend ---
[INFO] Nothing to compile - all classes are up to date
[INFO] 
[INFO] <<< spring-boot:3.2.3:run (default-cli) < test-compile @ wheelio-backend <<<
[INFO] 
[INFO] 
[INFO] --- spring-boot:3.2.3:run (default-cli) @ wheelio-backend ---
[INFO] Attaching agents: []

  .   ____          _            __ _ _
 /\\ / ___'_ __ _ _(_)_ __  __ _ \ \ \ \
( ( )\___ | '_ | '_| | '_ \/ _` | \ \ \ \
 \\/  ___)| |_)| | | | | || (_| |  ) ) ) )
  '  |____| .__|_| |_|_| |_\__, | / / / /
 =========|_|==============|___/=/_/_/_/
 :: Spring Boot ::                (v3.2.3)

2026-02-20T07:38:07.220+05:30  INFO 6868 --- [wheelio-backend] [           main] c.w.backend.WheelioBackendApplication    : Starting WheelioBackendApplication using Java 17.0.12 with PID 6868 (C:\Users\Vasigaran\Desktop\wheeliofinal-main\wheelio-backend\target\classes started by Vasigaran in C:\Users\Vasigaran\Desktop\wheeliofinal-main\wheelio-backend)
2026-02-20T07:38:07.225+05:30  INFO 6868 --- [wheelio-backend] [           main] c.w.backend.WheelioBackendApplication    : The following 1 profile is active: "dev"
2026-02-20T07:38:07.806+05:30  INFO 6868 --- [wheelio-backend] [           main] .s.d.r.c.RepositoryConfigurationDelegate : Bootstrapping Spring Data MongoDB repositories in DEFAULT mode.
2026-02-20T07:38:07.878+05:30  INFO 6868 --- [wheelio-backend] [           main] .s.d.r.c.RepositoryConfigurationDelegate : Finished Spring Data repository scanning in 67 ms. Found 7 MongoDB repository interfaces.
2026-02-20T07:38:08.388+05:30  INFO 6868 --- [wheelio-backend] [           main] o.s.b.w.embedded.tomcat.TomcatWebServer  : Tomcat initialized with port 8073 (http)
2026-02-20T07:38:08.400+05:30  INFO 6868 --- [wheelio-backend] [           main] o.apache.catalina.core.StandardService   : Starting service [Tomcat]
2026-02-20T07:38:08.400+05:30  INFO 6868 --- [wheelio-backend] [           main] o.apache.catalina.core.StandardEngine    : Starting Servlet engine: [Apache Tomcat/10.1.19]
2026-02-20T07:38:08.455+05:30  INFO 6868 --- [wheelio-backend] [           main] o.a.c.c.C.[Tomcat].[localhost].[/]       : Initializing Spring embedded WebApplicationContext
2026-02-20T07:38:08.455+05:30  INFO 6868 --- [wheelio-backend] [           main] w.s.c.ServletWebServerApplicationContext : Root WebApplicationContext: initialization completed in 1182 ms
2026-02-20T07:38:08.634+05:30  INFO 6868 --- [wheelio-backend] [           main] org.mongodb.driver.client                : MongoClient with metadata {"driver": {"name": "mongo-java-driver|sync|spring-boot", "version": "4.11.1"}, "os": {"type": "Windows", "name": "Windows 11", "architecture": "amd64", "version": "10.0"}, "platform": "Java/Oracle Corporation/17.0.12+8-LTS-286"} created with settings MongoClientSettings{readPreference=primary, writeConcern=WriteConcern{w=null, wTimeout=null ms, journal=null}, retryWrites=true, retryReads=true, readConcern=ReadConcern{level=null}, credential=null, transportSettings=null, streamFactoryFactory=null, commandListeners=[], codecRegistry=ProvidersCodecRegistry{codecProviders=[ValueCodecProvider{}, BsonValueCodecProvider{}, DBRefCodecProvider{}, DBObjectCodecProvider{}, DocumentCodecProvider{}, CollectionCodecProvider{}, IterableCodecProvider{}, MapCodecProvider{}, GeoJsonCodecProvider{}, GridFSFileCodecProvider{}, Jsr310CodecProvider{}, JsonObjectCodecProvider{}, BsonCodecProvider{}, EnumCodecProvider{}, com.mongodb.client.model.mql.ExpressionCodecProvider@5a545b0f, com.mongodb.Jep395RecordCodecProvider@2be21396, com.mongodb.KotlinCodecProvider@124dac75]}, loggerSettings=LoggerSettings{maxDocumentLength=1000}, clusterSettings={hosts=[localhost:27017], srvServiceName=mongodb, mode=SINGLE, requiredClusterType=UNKNOWN, requiredReplicaSetName='null', serverSelector='null', clusterListeners='[]', serverSelectionTimeout='30000 ms', localThreshold='15 ms'}, socketSettings=SocketSettings{connectTimeoutMS=10000, readTimeoutMS=0, receiveBufferSize=0, proxySettings=ProxySettings{host=null, port=null, username=null, password=null}}, heartbeatSocketSettings=SocketSettings{connectTimeoutMS=10000, readTimeoutMS=10000, receiveBufferSize=0, proxySettings=ProxySettings{host=null, port=null, username=null, password=null}}, connectionPoolSettings=ConnectionPoolSettings{maxSize=100, minSize=0, maxWaitTimeMS=120000, maxConnectionLifeTimeMS=0, maxConnectionIdleTimeMS=0, maintenanceInitialDelayMS=0, maintenanceFrequencyMS=60000, connectionPoolListeners=[], maxConnecting=2}, serverSettings=ServerSettings{heartbeatFrequencyMS=10000, minHeartbeatFrequencyMS=500, serverListeners='[]', serverMonitorListeners='[]'}, sslSettings=SslSettings{enabled=false, invalidHostNameAllowed=false, context=null}, applicationName='null', compressorList=[], uuidRepresentation=JAVA_LEGACY, serverApi=null, autoEncryptionSettings=null, dnsClient=null, inetAddressResolver=null, contextProvider=null}
2026-02-20T07:38:08.666+05:30  INFO 6868 --- [wheelio-backend] [localhost:27017] org.mongodb.driver.cluster               : Monitor thread successfully connected to server with description ServerDescription{address=localhost:27017, type=STANDALONE, state=CONNECTED, ok=true, minWireVersion=0, maxWireVersion=27, maxDocumentSize=16777216, logicalSessionTimeoutMinutes=30, roundTripTimeNanos=20900700}
2026-02-20T07:38:09.106+05:30  WARN 6868 --- [wheelio-backend] [           main] .s.s.UserDetailsServiceAutoConfiguration : 

Using generated security password: 0a027af1-74d4-4d59-8a5c-db25942cec90

This generated password is for development use only. Your security configuration must be updated before running your application in production.

2026-02-20T07:38:09.311+05:30  INFO 6868 --- [wheelio-backend] [           main] o.s.s.web.DefaultSecurityFilterChain     : Will secure any request with [org.springframework.security.web.session.DisableEncodeUrlFilter@f03ee8f, org.springframework.security.web.context.request.async.WebAsyncManagerIntegrationFilter@40dd552c, org.springframework.security.web.context.SecurityContextHolderFilter@22865072, org.springframework.security.web.header.HeaderWriterFilter@60928a61, org.springframework.web.filter.CorsFilter@33f4c769, org.springframework.security.web.authentication.logout.LogoutFilter@570b2057, com.wheelio.backend.security.JwtRequestFilter@4b0f2299, org.springframework.security.web.savedrequest.RequestCacheAwareFilter@5d5d3a5c, org.springframework.security.web.servletapi.SecurityContextHolderAwareRequestFilter@6e0d16a4, org.springframework.security.web.authentication.AnonymousAuthenticationFilter@4ebd6fd6, org.springframework.security.web.access.ExceptionTranslationFilter@25214797, org.springframework.security.web.access.intercept.AuthorizationFilter@184afb78]
--- Loading SecurityConfig WebSecurityCustomizer ---
2026-02-20T07:38:09.316+05:30  WARN 6868 --- [wheelio-backend] [           main] o.s.s.c.a.web.builders.WebSecurity       : You are asking Spring Security to ignore Mvc [pattern='/api/health']. This is not recommended -- please use permitAll via HttpSecurity#authorizeHttpRequests instead.
2026-02-20T07:38:09.316+05:30  INFO 6868 --- [wheelio-backend] [           main] o.s.s.web.DefaultSecurityFilterChain     : Will not secure Mvc [pattern='/api/health']
2026-02-20T07:38:09.318+05:30  WARN 6868 --- [wheelio-backend] [           main] o.s.s.c.a.web.builders.WebSecurity       : You are asking Spring Security to ignore Mvc [pattern='/api/vehicles']. This is not recommended -- please use permitAll via HttpSecurity#authorizeHttpRequests instead.
2026-02-20T07:38:09.318+05:30  INFO 6868 --- [wheelio-backend] [           main] o.s.s.web.DefaultSecurityFilterChain     : Will not secure Mvc [pattern='/api/vehicles']
2026-02-20T07:38:09.318+05:30  WARN 6868 --- [wheelio-backend] [           main] o.s.s.c.a.web.builders.WebSecurity       : You are asking Spring Security to ignore Mvc [pattern='/api/vehicles/**']. This is not recommended -- please use permitAll via HttpSecurity#authorizeHttpRequests instead.
2026-02-20T07:38:09.318+05:30  INFO 6868 --- [wheelio-backend] [           main] o.s.s.web.DefaultSecurityFilterChain     : Will not secure Mvc [pattern='/api/vehicles/**']
2026-02-20T07:38:09.318+05:30  WARN 6868 --- [wheelio-backend] [           main] o.s.s.c.a.web.builders.WebSecurity       : You are asking Spring Security to ignore Mvc [pattern='/api/auth/signup']. This is not recommended -- please use permitAll via HttpSecurity#authorizeHttpRequests instead.
2026-02-20T07:38:09.318+05:30  INFO 6868 --- [wheelio-backend] [           main] o.s.s.web.DefaultSecurityFilterChain     : Will not secure Mvc [pattern='/api/auth/signup']
2026-02-20T07:38:09.318+05:30  WARN 6868 --- [wheelio-backend] [           main] o.s.s.c.a.web.builders.WebSecurity       : You are asking Spring Security to ignore Mvc [pattern='/api/auth/login']. This is not recommended -- please use permitAll via HttpSecurity#authorizeHttpRequests instead.
2026-02-20T07:38:09.318+05:30  INFO 6868 --- [wheelio-backend] [           main] o.s.s.web.DefaultSecurityFilterChain     : Will not secure Mvc [pattern='/api/auth/login']
2026-02-20T07:38:09.318+05:30  WARN 6868 --- [wheelio-backend] [           main] o.s.s.c.a.web.builders.WebSecurity       : You are asking Spring Security to ignore Mvc [pattern='/api/auth/me']. This is not recommended -- please use permitAll via HttpSecurity#authorizeHttpRequests instead.
2026-02-20T07:38:09.318+05:30  INFO 6868 --- [wheelio-backend] [           main] o.s.s.web.DefaultSecurityFilterChain     : Will not secure Mvc [pattern='/api/auth/me']
2026-02-20T07:38:09.318+05:30  WARN 6868 --- [wheelio-backend] [           main] o.s.s.c.a.web.builders.WebSecurity       : You are asking Spring Security to ignore Mvc [pattern='/api/damage-reports']. This is not recommended -- please use permitAll via HttpSecurity#authorizeHttpRequests instead.
2026-02-20T07:38:09.318+05:30  INFO 6868 --- [wheelio-backend] [           main] o.s.s.web.DefaultSecurityFilterChain     : Will not secure Mvc [pattern='/api/damage-reports']
2026-02-20T07:38:09.318+05:30  WARN 6868 --- [wheelio-backend] [           main] o.s.s.c.a.web.builders.WebSecurity       : You are asking Spring Security to ignore Mvc [pattern='/api/damage-reports/**']. This is not recommended -- please use permitAll via HttpSecurity#authorizeHttpRequests instead.
2026-02-20T07:38:09.318+05:30  INFO 6868 --- [wheelio-backend] [           main] o.s.s.web.DefaultSecurityFilterChain     : Will not secure Mvc [pattern='/api/damage-reports/**']
2026-02-20T07:38:09.318+05:30  WARN 6868 --- [wheelio-backend] [           main] o.s.s.c.a.web.builders.WebSecurity       : You are asking Spring Security to ignore Mvc [pattern='/api/bookings']. This is not recommended -- please use permitAll via HttpSecurity#authorizeHttpRequests instead.
2026-02-20T07:38:09.318+05:30  INFO 6868 --- [wheelio-backend] [           main] o.s.s.web.DefaultSecurityFilterChain     : Will not secure Mvc [pattern='/api/bookings']
2026-02-20T07:38:09.318+05:30  WARN 6868 --- [wheelio-backend] [           main] o.s.s.c.a.web.builders.WebSecurity       : You are asking Spring Security to ignore Mvc [pattern='/api/bookings/**']. This is not recommended -- please use permitAll via HttpSecurity#authorizeHttpRequests instead.
2026-02-20T07:38:09.319+05:30  INFO 6868 --- [wheelio-backend] [           main] o.s.s.web.DefaultSecurityFilterChain     : Will not secure Mvc [pattern='/api/bookings/**']
2026-02-20T07:38:09.319+05:30  WARN 6868 --- [wheelio-backend] [           main] o.s.s.c.a.web.builders.WebSecurity       : You are asking Spring Security to ignore Mvc [pattern='/api/users']. This is not recommended -- please use permitAll via HttpSecurity#authorizeHttpRequests instead.
2026-02-20T07:38:09.319+05:30  INFO 6868 --- [wheelio-backend] [           main] o.s.s.web.DefaultSecurityFilterChain     : Will not secure Mvc [pattern='/api/users']
2026-02-20T07:38:09.319+05:30  WARN 6868 --- [wheelio-backend] [           main] o.s.s.c.a.web.builders.WebSecurity       : You are asking Spring Security to ignore Mvc [pattern='/api/users/**']. This is not recommended -- please use permitAll via HttpSecurity#authorizeHttpRequests instead.
2026-02-20T07:38:09.319+05:30  INFO 6868 --- [wheelio-backend] [           main] o.s.s.web.DefaultSecurityFilterChain     : Will not secure Mvc [pattern='/api/users/**']
2026-02-20T07:38:09.462+05:30  INFO 6868 --- [wheelio-backend] [           main] o.s.b.w.embedded.tomcat.TomcatWebServer  : Tomcat started on port 8073 (http) with context path ''
2026-02-20T07:38:09.471+05:30  INFO 6868 --- [wheelio-backend] [           main] c.w.backend.WheelioBackendApplication    : Started WheelioBackendApplication in 2.646 seconds (process running for 2.955)
2026-02-20T07:38:09.505+05:30  INFO 6868 --- [wheelio-backend] [           main] com.wheelio.backend.config.DataSeeder    : Admin already exists, skipping.
2026-02-20T07:38:09.525+05:30  INFO 6868 --- [wheelio-backend] [           main] com.wheelio.backend.config.DataSeeder    : Vehicles already seeded, skipping.
2026-02-20T07:38:11.164+05:30  INFO 6868 --- [wheelio-backend] [           main] com.wheelio.backend.config.DataSeeder    : Seeded 20 drivers matching drivers.js.
2026-02-20T07:38:46.202+05:30  INFO 6868 --- [wheelio-backend] [nio-8073-exec-1] o.a.c.c.C.[Tomcat].[localhost].[/]       : Initializing Spring DispatcherServlet 'dispatcherServlet'
2026-02-20T07:38:46.203+05:30  INFO 6868 --- [wheelio-backend] [nio-8073-exec-1] o.s.web.servlet.DispatcherServlet        : Initializing Servlet 'dispatcherServlet'
2026-02-20T07:38:46.204+05:30  INFO 6868 --- [wheelio-backend] [nio-8073-exec-1] o.s.web.servlet.DispatcherServlet        : Completed initialization in 1 ms
2026-02-20T07:42:14.359+05:30  INFO 6868 --- [wheelio-backend] [nio-8073-exec-8] c.w.b.controller.BookingController       : Booking request: userId=699751f4758ab26fc13d7804, vehicleId=69975193758ab26fc13d77e1
2026-02-20T07:42:14.388+05:30  INFO 6868 --- [wheelio-backend] [nio-8073-exec-8] c.w.b.controller.BookingController       : Booking created: 6997c2fe4452e44f57b18105
Terminate batch job (Y/N)? 
