[INFO] Scanning for projects...
[INFO] 
[INFO] --------------------< com.wheelio:wheelio-backend >---------------------
[INFO] Building wheelio-backend 0.0.1-SNAPSHOT
[INFO]   from pom.xml
[INFO] --------------------------------[ jar ]---------------------------------
[INFO] 
[INFO] --- clean:3.3.2:clean (default-clean) @ wheelio-backend ---
[INFO] Deleting C:\Users\Vasigaran\Desktop\wheeliofinal-main\wheelio-backend\target
[INFO] 
[INFO] >>> spring-boot:3.2.3:run (default-cli) > test-compile @ wheelio-backend >>>
[INFO] 
[INFO] --- resources:3.3.1:resources (default-resources) @ wheelio-backend ---
[INFO] Copying 1 resource from src\main\resources to target\classes
[INFO] Copying 3 resources from src\main\resources to target\classes
[INFO] 
[INFO] --- compiler:3.11.0:compile (default-compile) @ wheelio-backend ---
[INFO] Changes detected - recompiling the module! :source
[INFO] Compiling 43 source files with javac [debug release 17] to target\classes
[INFO] 
[INFO] --- resources:3.3.1:testResources (default-testResources) @ wheelio-backend ---
[INFO] skip non existing resourceDirectory C:\Users\Vasigaran\Desktop\wheeliofinal-main\wheelio-backend\src\test\resources
[INFO] 
[INFO] --- compiler:3.11.0:testCompile (default-testCompile) @ wheelio-backend ---
[INFO] Changes detected - recompiling the module! :dependency
[INFO] Compiling 1 source file with javac [debug release 17] to target\test-classes
[INFO] 
[INFO] <<< spring-boot:3.2.3:run (default-cli) < test-compile @ wheelio-backend <<<
[INFO] 
[INFO] 
[INFO] --- spring-boot:3.2.3:run (default-cli) @ wheelio-backend ---
[INFO] Attaching agents: []

  .   ____          _            __ _ _
 /\\ / ___'_ __ _ _(_)_ __  __ _ \ \ \ \
( ( )\___ | '_ | '_| | '_ \/ _` | \ \ \ \
 \\/  ___)| |_)| | | | | || (_| |  ) ) ) )
  '  |____| .__|_| |_|_| |_\__, | / / / /
 =========|_|==============|___/=/_/_/_/
 :: Spring Boot ::                (v3.2.3)

2026-02-20T07:21:54.852+05:30  INFO 14308 --- [wheelio-backend] [           main] c.w.backend.WheelioBackendApplication    : Starting WheelioBackendApplication using Java 17.0.12 with PID 14308 (C:\Users\Vasigaran\Desktop\wheeliofinal-main\wheelio-backend\target\classes started by Vasigaran in C:\Users\Vasigaran\Desktop\wheeliofinal-main\wheelio-backend)
2026-02-20T07:21:54.854+05:30  INFO 14308 --- [wheelio-backend] [           main] c.w.backend.WheelioBackendApplication    : The following 1 profile is active: "dev"
2026-02-20T07:21:55.405+05:30  INFO 14308 --- [wheelio-backend] [           main] .s.d.r.c.RepositoryConfigurationDelegate : Bootstrapping Spring Data MongoDB repositories in DEFAULT mode.
2026-02-20T07:21:55.522+05:30  INFO 14308 --- [wheelio-backend] [           main] .s.d.r.c.RepositoryConfigurationDelegate : Finished Spring Data repository scanning in 111 ms. Found 7 MongoDB repository interfaces.
2026-02-20T07:21:56.094+05:30  INFO 14308 --- [wheelio-backend] [           main] o.s.b.w.embedded.tomcat.TomcatWebServer  : Tomcat initialized with port 8073 (http)
2026-02-20T07:21:56.109+05:30  INFO 14308 --- [wheelio-backend] [           main] o.apache.catalina.core.StandardService   : Starting service [Tomcat]
2026-02-20T07:21:56.109+05:30  INFO 14308 --- [wheelio-backend] [           main] o.apache.catalina.core.StandardEngine    : Starting Servlet engine: [Apache Tomcat/10.1.19]
2026-02-20T07:21:56.177+05:30  INFO 14308 --- [wheelio-backend] [           main] o.a.c.c.C.[Tomcat].[localhost].[/]       : Initializing Spring embedded WebApplicationContext
2026-02-20T07:21:56.178+05:30  INFO 14308 --- [wheelio-backend] [           main] w.s.c.ServletWebServerApplicationContext : Root WebApplicationContext: initialization completed in 1284 ms
2026-02-20T07:21:56.374+05:30  INFO 14308 --- [wheelio-backend] [           main] org.mongodb.driver.client                : MongoClient with metadata {"driver": {"name": "mongo-java-driver|sync|spring-boot", "version": "4.11.1"}, "os": {"type": "Windows", "name": "Windows 11", "architecture": "amd64", "version": "10.0"}, "platform": "Java/Oracle Corporation/17.0.12+8-LTS-286"} created with settings MongoClientSettings{readPreference=primary, writeConcern=WriteConcern{w=null, wTimeout=null ms, journal=null}, retryWrites=true, retryReads=true, readConcern=ReadConcern{level=null}, credential=null, transportSettings=null, streamFactoryFactory=null, commandListeners=[], codecRegistry=ProvidersCodecRegistry{codecProviders=[ValueCodecProvider{}, BsonValueCodecProvider{}, DBRefCodecProvider{}, DBObjectCodecProvider{}, DocumentCodecProvider{}, CollectionCodecProvider{}, IterableCodecProvider{}, MapCodecProvider{}, GeoJsonCodecProvider{}, GridFSFileCodecProvider{}, Jsr310CodecProvider{}, JsonObjectCodecProvider{}, BsonCodecProvider{}, EnumCodecProvider{}, com.mongodb.client.model.mql.ExpressionCodecProvider@5c9934da, com.mongodb.Jep395RecordCodecProvider@4cb702ce, com.mongodb.KotlinCodecProvider@383caf89]}, loggerSettings=LoggerSettings{maxDocumentLength=1000}, clusterSettings={hosts=[localhost:27017], srvServiceName=mongodb, mode=SINGLE, requiredClusterType=UNKNOWN, requiredReplicaSetName='null', serverSelector='null', clusterListeners='[]', serverSelectionTimeout='30000 ms', localThreshold='15 ms'}, socketSettings=SocketSettings{connectTimeoutMS=10000, readTimeoutMS=0, receiveBufferSize=0, proxySettings=ProxySettings{host=null, port=null, username=null, password=null}}, heartbeatSocketSettings=SocketSettings{connectTimeoutMS=10000, readTimeoutMS=10000, receiveBufferSize=0, proxySettings=ProxySettings{host=null, port=null, username=null, password=null}}, connectionPoolSettings=ConnectionPoolSettings{maxSize=100, minSize=0, maxWaitTimeMS=120000, maxConnectionLifeTimeMS=0, maxConnectionIdleTimeMS=0, maintenanceInitialDelayMS=0, maintenanceFrequencyMS=60000, connectionPoolListeners=[], maxConnecting=2}, serverSettings=ServerSettings{heartbeatFrequencyMS=10000, minHeartbeatFrequencyMS=500, serverListeners='[]', serverMonitorListeners='[]'}, sslSettings=SslSettings{enabled=false, invalidHostNameAllowed=false, context=null}, applicationName='null', compressorList=[], uuidRepresentation=JAVA_LEGACY, serverApi=null, autoEncryptionSettings=null, dnsClient=null, inetAddressResolver=null, contextProvider=null}
2026-02-20T07:21:56.401+05:30  INFO 14308 --- [wheelio-backend] [localhost:27017] org.mongodb.driver.cluster               : Monitor thread successfully connected to server with description ServerDescription{address=localhost:27017, type=STANDALONE, state=CONNECTED, ok=true, minWireVersion=0, maxWireVersion=27, maxDocumentSize=16777216, logicalSessionTimeoutMinutes=30, roundTripTimeNanos=17410800}
2026-02-20T07:21:56.866+05:30  WARN 14308 --- [wheelio-backend] [           main] .s.s.UserDetailsServiceAutoConfiguration : 

Using generated security password: a41a04f9-3280-42b3-85ab-dfd3a1e3e826

This generated password is for development use only. Your security configuration must be updated before running your application in production.

2026-02-20T07:21:57.081+05:30  INFO 14308 --- [wheelio-backend] [           main] o.s.s.web.DefaultSecurityFilterChain     : Will secure any request with [org.springframework.security.web.session.DisableEncodeUrlFilter@58164e9a, org.springframework.security.web.context.request.async.WebAsyncManagerIntegrationFilter@11bfffb3, org.springframework.security.web.context.SecurityContextHolderFilter@1b0e031b, org.springframework.security.web.header.HeaderWriterFilter@45b7c97f, org.springframework.web.filter.CorsFilter@6a7a1a0d, org.springframework.security.web.authentication.logout.LogoutFilter@6eede35e, com.wheelio.backend.security.JwtRequestFilter@2e869098, org.springframework.security.web.savedrequest.RequestCacheAwareFilter@65844c96, org.springframework.security.web.servletapi.SecurityContextHolderAwareRequestFilter@25214797, org.springframework.security.web.authentication.AnonymousAuthenticationFilter@1c6e3ff9, org.springframework.security.web.access.ExceptionTranslationFilter@d9f5fce, org.springframework.security.web.access.intercept.AuthorizationFilter@5773d271]
--- Loading SecurityConfig WebSecurityCustomizer ---
2026-02-20T07:21:57.087+05:30  WARN 14308 --- [wheelio-backend] [           main] o.s.s.c.a.web.builders.WebSecurity       : You are asking Spring Security to ignore Mvc [pattern='/api/health']. This is not recommended -- please use permitAll via HttpSecurity#authorizeHttpRequests instead.
2026-02-20T07:21:57.088+05:30  INFO 14308 --- [wheelio-backend] [           main] o.s.s.web.DefaultSecurityFilterChain     : Will not secure Mvc [pattern='/api/health']
2026-02-20T07:21:57.088+05:30  WARN 14308 --- [wheelio-backend] [           main] o.s.s.c.a.web.builders.WebSecurity       : You are asking Spring Security to ignore Mvc [pattern='/api/vehicles']. This is not recommended -- please use permitAll via HttpSecurity#authorizeHttpRequests instead.
2026-02-20T07:21:57.088+05:30  INFO 14308 --- [wheelio-backend] [           main] o.s.s.web.DefaultSecurityFilterChain     : Will not secure Mvc [pattern='/api/vehicles']
2026-02-20T07:21:57.088+05:30  WARN 14308 --- [wheelio-backend] [           main] o.s.s.c.a.web.builders.WebSecurity       : You are asking Spring Security to ignore Mvc [pattern='/api/vehicles/**']. This is not recommended -- please use permitAll via HttpSecurity#authorizeHttpRequests instead.
2026-02-20T07:21:57.088+05:30  INFO 14308 --- [wheelio-backend] [           main] o.s.s.web.DefaultSecurityFilterChain     : Will not secure Mvc [pattern='/api/vehicles/**']
2026-02-20T07:21:57.088+05:30  WARN 14308 --- [wheelio-backend] [           main] o.s.s.c.a.web.builders.WebSecurity       : You are asking Spring Security to ignore Mvc [pattern='/api/auth/signup']. This is not recommended -- please use permitAll via HttpSecurity#authorizeHttpRequests instead.
2026-02-20T07:21:57.088+05:30  INFO 14308 --- [wheelio-backend] [           main] o.s.s.web.DefaultSecurityFilterChain     : Will not secure Mvc [pattern='/api/auth/signup']
2026-02-20T07:21:57.088+05:30  WARN 14308 --- [wheelio-backend] [           main] o.s.s.c.a.web.builders.WebSecurity       : You are asking Spring Security to ignore Mvc [pattern='/api/auth/login']. This is not recommended -- please use permitAll via HttpSecurity#authorizeHttpRequests instead.
2026-02-20T07:21:57.088+05:30  INFO 14308 --- [wheelio-backend] [           main] o.s.s.web.DefaultSecurityFilterChain     : Will not secure Mvc [pattern='/api/auth/login']
2026-02-20T07:21:57.088+05:30  WARN 14308 --- [wheelio-backend] [           main] o.s.s.c.a.web.builders.WebSecurity       : You are asking Spring Security to ignore Mvc [pattern='/api/auth/me']. This is not recommended -- please use permitAll via HttpSecurity#authorizeHttpRequests instead.
2026-02-20T07:21:57.088+05:30  INFO 14308 --- [wheelio-backend] [           main] o.s.s.web.DefaultSecurityFilterChain     : Will not secure Mvc [pattern='/api/auth/me']
2026-02-20T07:21:57.088+05:30  WARN 14308 --- [wheelio-backend] [           main] o.s.s.c.a.web.builders.WebSecurity       : You are asking Spring Security to ignore Mvc [pattern='/api/damage-reports']. This is not recommended -- please use permitAll via HttpSecurity#authorizeHttpRequests instead.
2026-02-20T07:21:57.088+05:30  INFO 14308 --- [wheelio-backend] [           main] o.s.s.web.DefaultSecurityFilterChain     : Will not secure Mvc [pattern='/api/damage-reports']
2026-02-20T07:21:57.088+05:30  WARN 14308 --- [wheelio-backend] [           main] o.s.s.c.a.web.builders.WebSecurity       : You are asking Spring Security to ignore Mvc [pattern='/api/damage-reports/**']. This is not recommended -- please use permitAll via HttpSecurity#authorizeHttpRequests instead.
2026-02-20T07:21:57.088+05:30  INFO 14308 --- [wheelio-backend] [           main] o.s.s.web.DefaultSecurityFilterChain     : Will not secure Mvc [pattern='/api/damage-reports/**']
2026-02-20T07:21:57.088+05:30  WARN 14308 --- [wheelio-backend] [           main] o.s.s.c.a.web.builders.WebSecurity       : You are asking Spring Security to ignore Mvc [pattern='/api/bookings']. This is not recommended -- please use permitAll via HttpSecurity#authorizeHttpRequests instead.
2026-02-20T07:21:57.088+05:30  INFO 14308 --- [wheelio-backend] [           main] o.s.s.web.DefaultSecurityFilterChain     : Will not secure Mvc [pattern='/api/bookings']
2026-02-20T07:21:57.088+05:30  WARN 14308 --- [wheelio-backend] [           main] o.s.s.c.a.web.builders.WebSecurity       : You are asking Spring Security to ignore Mvc [pattern='/api/bookings/**']. This is not recommended -- please use permitAll via HttpSecurity#authorizeHttpRequests instead.
2026-02-20T07:21:57.088+05:30  INFO 14308 --- [wheelio-backend] [           main] o.s.s.web.DefaultSecurityFilterChain     : Will not secure Mvc [pattern='/api/bookings/**']
2026-02-20T07:21:57.088+05:30  WARN 14308 --- [wheelio-backend] [           main] o.s.s.c.a.web.builders.WebSecurity       : You are asking Spring Security to ignore Mvc [pattern='/api/users']. This is not recommended -- please use permitAll via HttpSecurity#authorizeHttpRequests instead.
2026-02-20T07:21:57.088+05:30  INFO 14308 --- [wheelio-backend] [           main] o.s.s.web.DefaultSecurityFilterChain     : Will not secure Mvc [pattern='/api/users']
2026-02-20T07:21:57.088+05:30  WARN 14308 --- [wheelio-backend] [           main] o.s.s.c.a.web.builders.WebSecurity       : You are asking Spring Security to ignore Mvc [pattern='/api/users/**']. This is not recommended -- please use permitAll via HttpSecurity#authorizeHttpRequests instead.
2026-02-20T07:21:57.088+05:30  INFO 14308 --- [wheelio-backend] [           main] o.s.s.web.DefaultSecurityFilterChain     : Will not secure Mvc [pattern='/api/users/**']
2026-02-20T07:21:57.244+05:30  INFO 14308 --- [wheelio-backend] [           main] o.s.b.w.embedded.tomcat.TomcatWebServer  : Tomcat started on port 8073 (http) with context path ''
2026-02-20T07:21:57.252+05:30  INFO 14308 --- [wheelio-backend] [           main] c.w.backend.WheelioBackendApplication    : Started WheelioBackendApplication in 2.822 seconds (process running for 3.14)
2026-02-20T07:21:57.295+05:30  INFO 14308 --- [wheelio-backend] [           main] com.wheelio.backend.config.DataSeeder    : Admin already exists, skipping.
2026-02-20T07:21:57.301+05:30  INFO 14308 --- [wheelio-backend] [           main] com.wheelio.backend.config.DataSeeder    : Vehicles already seeded, skipping.
2026-02-20T07:21:57.303+05:30  INFO 14308 --- [wheelio-backend] [           main] com.wheelio.backend.config.DataSeeder    : Drivers already seeded, skipping.
2026-02-20T07:24:53.265+05:30  INFO 14308 --- [wheelio-backend] [nio-8073-exec-1] o.a.c.c.C.[Tomcat].[localhost].[/]       : Initializing Spring DispatcherServlet 'dispatcherServlet'
2026-02-20T07:24:53.265+05:30  INFO 14308 --- [wheelio-backend] [nio-8073-exec-1] o.s.web.servlet.DispatcherServlet        : Initializing Servlet 'dispatcherServlet'
2026-02-20T07:24:53.266+05:30  INFO 14308 --- [wheelio-backend] [nio-8073-exec-1] o.s.web.servlet.DispatcherServlet        : Completed initialization in 1 ms
[INFO] ------------------------------------------------------------------------
[INFO] BUILD FAILURE
[INFO] ------------------------------------------------------------------------
[INFO] Total time:  15:52 min
[INFO] Finished at: 2026-02-20T07:37:41+05:30
[INFO] ------------------------------------------------------------------------
[ERROR] Failed to execute goal org.springframework.boot:spring-boot-maven-plugin:3.2.3:run (default-cli) on project wheelio-backend: Process terminated with exit code: -1 -> [Help 1]
[ERROR] 
[ERROR] To see the full stack trace of the errors, re-run Maven with the -e switch.
[ERROR] Re-run Maven using the -X switch to enable full debug logging.
[ERROR] 
[ERROR] For more information about the errors and possible solutions, please read the following articles:
[ERROR] [Help 1] http://cwiki.apache.org/confluence/display/MAVEN/MojoExecutionException
