[INFO] Scanning for projects...
[INFO] 
[INFO] --------------------< com.wheelio:wheelio-backend >---------------------
[INFO] Building wheelio-backend 0.0.1-SNAPSHOT
[INFO]   from pom.xml
[INFO] --------------------------------[ jar ]---------------------------------
[INFO] 
[INFO] >>> spring-boot:3.2.3:run (default-cli) > test-compile @ wheelio-backend >>>
[INFO] 
[INFO] --- resources:3.3.1:resources (default-resources) @ wheelio-backend ---
[INFO] Copying 1 resource from src\main\resources to target\classes
[INFO] Copying 3 resources from src\main\resources to target\classes
[INFO] 
[INFO] --- compiler:3.11.0:compile (default-compile) @ wheelio-backend ---
[INFO] Nothing to compile - all classes are up to date
[INFO] 
[INFO] --- resources:3.3.1:testResources (default-testResources) @ wheelio-backend ---
[INFO] skip non existing resourceDirectory C:\Users\Vasigaran\Desktop\wheeliofinal-main\wheelio-backend\src\test\resources
[INFO] 
[INFO] --- compiler:3.11.0:testCompile (default-testCompile) @ wheelio-backend ---
[INFO] Nothing to compile - all classes are up to date
[INFO] 
[INFO] <<< spring-boot:3.2.3:run (default-cli) < test-compile @ wheelio-backend <<<
[INFO] 
[INFO] 
[INFO] --- spring-boot:3.2.3:run (default-cli) @ wheelio-backend ---
[INFO] Attaching agents: []

  .   ____          _            __ _ _
 /\\ / ___'_ __ _ _(_)_ __  __ _ \ \ \ \
( ( )\___ | '_ | '_| | '_ \/ _` | \ \ \ \
 \\/  ___)| |_)| | | | | || (_| |  ) ) ) )
  '  |____| .__|_| |_|_| |_\__, | / / / /
 =========|_|==============|___/=/_/_/_/
 :: Spring Boot ::                (v3.2.3)

2026-02-20T07:17:46.834+05:30  INFO 35132 --- [wheelio-backend] [           main] c.w.backend.WheelioBackendApplication    : Starting WheelioBackendApplication using Java 17.0.12 with PID 35132 (C:\Users\Vasigaran\Desktop\wheeliofinal-main\wheelio-backend\target\classes started by Vasigaran in C:\Users\Vasigaran\Desktop\wheeliofinal-main\wheelio-backend)
2026-02-20T07:17:46.836+05:30  INFO 35132 --- [wheelio-backend] [           main] c.w.backend.WheelioBackendApplication    : The following 1 profile is active: "dev"
2026-02-20T07:17:47.306+05:30  INFO 35132 --- [wheelio-backend] [           main] .s.d.r.c.RepositoryConfigurationDelegate : Bootstrapping Spring Data MongoDB repositories in DEFAULT mode.
2026-02-20T07:17:47.364+05:30  INFO 35132 --- [wheelio-backend] [           main] .s.d.r.c.RepositoryConfigurationDelegate : Finished Spring Data repository scanning in 55 ms. Found 7 MongoDB repository interfaces.
2026-02-20T07:17:47.794+05:30  INFO 35132 --- [wheelio-backend] [           main] o.s.b.w.embedded.tomcat.TomcatWebServer  : Tomcat initialized with port 8073 (http)
2026-02-20T07:17:47.805+05:30  INFO 35132 --- [wheelio-backend] [           main] o.apache.catalina.core.StandardService   : Starting service [Tomcat]
2026-02-20T07:17:47.805+05:30  INFO 35132 --- [wheelio-backend] [           main] o.apache.catalina.core.StandardEngine    : Starting Servlet engine: [Apache Tomcat/10.1.19]
2026-02-20T07:17:47.853+05:30  INFO 35132 --- [wheelio-backend] [           main] o.a.c.c.C.[Tomcat].[localhost].[/]       : Initializing Spring embedded WebApplicationContext
2026-02-20T07:17:47.854+05:30  INFO 35132 --- [wheelio-backend] [           main] w.s.c.ServletWebServerApplicationContext : Root WebApplicationContext: initialization completed in 978 ms
2026-02-20T07:17:48.035+05:30  INFO 35132 --- [wheelio-backend] [           main] org.mongodb.driver.client                : MongoClient with metadata {"driver": {"name": "mongo-java-driver|sync|spring-boot", "version": "4.11.1"}, "os": {"type": "Windows", "name": "Windows 11", "architecture": "amd64", "version": "10.0"}, "platform": "Java/Oracle Corporation/17.0.12+8-LTS-286"} created with settings MongoClientSettings{readPreference=primary, writeConcern=WriteConcern{w=null, wTimeout=null ms, journal=null}, retryWrites=true, retryReads=true, readConcern=ReadConcern{level=null}, credential=null, transportSettings=null, streamFactoryFactory=null, commandListeners=[], codecRegistry=ProvidersCodecRegistry{codecProviders=[ValueCodecProvider{}, BsonValueCodecProvider{}, DBRefCodecProvider{}, DBObjectCodecProvider{}, DocumentCodecProvider{}, CollectionCodecProvider{}, IterableCodecProvider{}, MapCodecProvider{}, GeoJsonCodecProvider{}, GridFSFileCodecProvider{}, Jsr310CodecProvider{}, JsonObjectCodecProvider{}, BsonCodecProvider{}, EnumCodecProvider{}, com.mongodb.client.model.mql.ExpressionCodecProvider@3ff54f3d, com.mongodb.Jep395RecordCodecProvider@14c93774, com.mongodb.KotlinCodecProvider@62a68bcb]}, loggerSettings=LoggerSettings{maxDocumentLength=1000}, clusterSettings={hosts=[localhost:27017], srvServiceName=mongodb, mode=SINGLE, requiredClusterType=UNKNOWN, requiredReplicaSetName='null', serverSelector='null', clusterListeners='[]', serverSelectionTimeout='30000 ms', localThreshold='15 ms'}, socketSettings=SocketSettings{connectTimeoutMS=10000, readTimeoutMS=0, receiveBufferSize=0, proxySettings=ProxySettings{host=null, port=null, username=null, password=null}}, heartbeatSocketSettings=SocketSettings{connectTimeoutMS=10000, readTimeoutMS=10000, receiveBufferSize=0, proxySettings=ProxySettings{host=null, port=null, username=null, password=null}}, connectionPoolSettings=ConnectionPoolSettings{maxSize=100, minSize=0, maxWaitTimeMS=120000, maxConnectionLifeTimeMS=0, maxConnectionIdleTimeMS=0, maintenanceInitialDelayMS=0, maintenanceFrequencyMS=60000, connectionPoolListeners=[], maxConnecting=2}, serverSettings=ServerSettings{heartbeatFrequencyMS=10000, minHeartbeatFrequencyMS=500, serverListeners='[]', serverMonitorListeners='[]'}, sslSettings=SslSettings{enabled=false, invalidHostNameAllowed=false, context=null}, applicationName='null', compressorList=[], uuidRepresentation=JAVA_LEGACY, serverApi=null, autoEncryptionSettings=null, dnsClient=null, inetAddressResolver=null, contextProvider=null}
2026-02-20T07:17:48.053+05:30  INFO 35132 --- [wheelio-backend] [localhost:27017] org.mongodb.driver.cluster               : Monitor thread successfully connected to server with description ServerDescription{address=localhost:27017, type=STANDALONE, state=CONNECTED, ok=true, minWireVersion=0, maxWireVersion=27, maxDocumentSize=16777216, logicalSessionTimeoutMinutes=30, roundTripTimeNanos=16507100}
2026-02-20T07:17:48.525+05:30  WARN 35132 --- [wheelio-backend] [           main] .s.s.UserDetailsServiceAutoConfiguration : 

Using generated security password: 07b87310-807a-4b16-8476-032b20a60943

This generated password is for development use only. Your security configuration must be updated before running your application in production.

2026-02-20T07:17:48.764+05:30  INFO 35132 --- [wheelio-backend] [           main] o.s.s.web.DefaultSecurityFilterChain     : Will secure any request with [org.springframework.security.web.session.DisableEncodeUrlFilter@615e83ac, org.springframework.security.web.context.request.async.WebAsyncManagerIntegrationFilter@4438938e, org.springframework.security.web.context.SecurityContextHolderFilter@4601047, org.springframework.security.web.header.HeaderWriterFilter@6e0d16a4, org.springframework.web.filter.CorsFilter@4e50ae56, org.springframework.security.web.authentication.logout.LogoutFilter@58164e9a, com.wheelio.backend.security.JwtRequestFilter@12704e15, org.springframework.security.web.savedrequest.RequestCacheAwareFilter@3a0896b3, org.springframework.security.web.servletapi.SecurityContextHolderAwareRequestFilter@50a7c72b, org.springframework.security.web.authentication.AnonymousAuthenticationFilter@1c68d0db, org.springframework.security.web.access.ExceptionTranslationFilter@563317c1, org.springframework.security.web.access.intercept.AuthorizationFilter@4ebd6fd6]
--- Loading SecurityConfig WebSecurityCustomizer ---
2026-02-20T07:17:48.774+05:30  WARN 35132 --- [wheelio-backend] [           main] o.s.s.c.a.web.builders.WebSecurity       : You are asking Spring Security to ignore Mvc [pattern='/api/health']. This is not recommended -- please use permitAll via HttpSecurity#authorizeHttpRequests instead.
2026-02-20T07:17:48.775+05:30  INFO 35132 --- [wheelio-backend] [           main] o.s.s.web.DefaultSecurityFilterChain     : Will not secure Mvc [pattern='/api/health']
2026-02-20T07:17:48.775+05:30  WARN 35132 --- [wheelio-backend] [           main] o.s.s.c.a.web.builders.WebSecurity       : You are asking Spring Security to ignore Mvc [pattern='/api/vehicles']. This is not recommended -- please use permitAll via HttpSecurity#authorizeHttpRequests instead.
2026-02-20T07:17:48.775+05:30  INFO 35132 --- [wheelio-backend] [           main] o.s.s.web.DefaultSecurityFilterChain     : Will not secure Mvc [pattern='/api/vehicles']
2026-02-20T07:17:48.775+05:30  WARN 35132 --- [wheelio-backend] [           main] o.s.s.c.a.web.builders.WebSecurity       : You are asking Spring Security to ignore Mvc [pattern='/api/vehicles/**']. This is not recommended -- please use permitAll via HttpSecurity#authorizeHttpRequests instead.
2026-02-20T07:17:48.775+05:30  INFO 35132 --- [wheelio-backend] [           main] o.s.s.web.DefaultSecurityFilterChain     : Will not secure Mvc [pattern='/api/vehicles/**']
2026-02-20T07:17:48.775+05:30  WARN 35132 --- [wheelio-backend] [           main] o.s.s.c.a.web.builders.WebSecurity       : You are asking Spring Security to ignore Mvc [pattern='/api/auth/signup']. This is not recommended -- please use permitAll via HttpSecurity#authorizeHttpRequests instead.
2026-02-20T07:17:48.775+05:30  INFO 35132 --- [wheelio-backend] [           main] o.s.s.web.DefaultSecurityFilterChain     : Will not secure Mvc [pattern='/api/auth/signup']
2026-02-20T07:17:48.775+05:30  WARN 35132 --- [wheelio-backend] [           main] o.s.s.c.a.web.builders.WebSecurity       : You are asking Spring Security to ignore Mvc [pattern='/api/auth/login']. This is not recommended -- please use permitAll via HttpSecurity#authorizeHttpRequests instead.
2026-02-20T07:17:48.775+05:30  INFO 35132 --- [wheelio-backend] [           main] o.s.s.web.DefaultSecurityFilterChain     : Will not secure Mvc [pattern='/api/auth/login']
2026-02-20T07:17:48.775+05:30  WARN 35132 --- [wheelio-backend] [           main] o.s.s.c.a.web.builders.WebSecurity       : You are asking Spring Security to ignore Mvc [pattern='/api/auth/me']. This is not recommended -- please use permitAll via HttpSecurity#authorizeHttpRequests instead.
2026-02-20T07:17:48.775+05:30  INFO 35132 --- [wheelio-backend] [           main] o.s.s.web.DefaultSecurityFilterChain     : Will not secure Mvc [pattern='/api/auth/me']
2026-02-20T07:17:48.775+05:30  WARN 35132 --- [wheelio-backend] [           main] o.s.s.c.a.web.builders.WebSecurity       : You are asking Spring Security to ignore Mvc [pattern='/api/damage-reports']. This is not recommended -- please use permitAll via HttpSecurity#authorizeHttpRequests instead.
2026-02-20T07:17:48.775+05:30  INFO 35132 --- [wheelio-backend] [           main] o.s.s.web.DefaultSecurityFilterChain     : Will not secure Mvc [pattern='/api/damage-reports']
2026-02-20T07:17:48.775+05:30  WARN 35132 --- [wheelio-backend] [           main] o.s.s.c.a.web.builders.WebSecurity       : You are asking Spring Security to ignore Mvc [pattern='/api/damage-reports/**']. This is not recommended -- please use permitAll via HttpSecurity#authorizeHttpRequests instead.
2026-02-20T07:17:48.775+05:30  INFO 35132 --- [wheelio-backend] [           main] o.s.s.web.DefaultSecurityFilterChain     : Will not secure Mvc [pattern='/api/damage-reports/**']
2026-02-20T07:17:48.775+05:30  WARN 35132 --- [wheelio-backend] [           main] o.s.s.c.a.web.builders.WebSecurity       : You are asking Spring Security to ignore Mvc [pattern='/api/bookings']. This is not recommended -- please use permitAll via HttpSecurity#authorizeHttpRequests instead.
2026-02-20T07:17:48.775+05:30  INFO 35132 --- [wheelio-backend] [           main] o.s.s.web.DefaultSecurityFilterChain     : Will not secure Mvc [pattern='/api/bookings']
2026-02-20T07:17:48.775+05:30  WARN 35132 --- [wheelio-backend] [           main] o.s.s.c.a.web.builders.WebSecurity       : You are asking Spring Security to ignore Mvc [pattern='/api/bookings/**']. This is not recommended -- please use permitAll via HttpSecurity#authorizeHttpRequests instead.
2026-02-20T07:17:48.775+05:30  INFO 35132 --- [wheelio-backend] [           main] o.s.s.web.DefaultSecurityFilterChain     : Will not secure Mvc [pattern='/api/bookings/**']
2026-02-20T07:17:48.776+05:30  WARN 35132 --- [wheelio-backend] [           main] o.s.s.c.a.web.builders.WebSecurity       : You are asking Spring Security to ignore Mvc [pattern='/api/users']. This is not recommended -- please use permitAll via HttpSecurity#authorizeHttpRequests instead.
2026-02-20T07:17:48.776+05:30  INFO 35132 --- [wheelio-backend] [           main] o.s.s.web.DefaultSecurityFilterChain     : Will not secure Mvc [pattern='/api/users']
2026-02-20T07:17:48.776+05:30  WARN 35132 --- [wheelio-backend] [           main] o.s.s.c.a.web.builders.WebSecurity       : You are asking Spring Security to ignore Mvc [pattern='/api/users/**']. This is not recommended -- please use permitAll via HttpSecurity#authorizeHttpRequests instead.
2026-02-20T07:17:48.776+05:30  INFO 35132 --- [wheelio-backend] [           main] o.s.s.web.DefaultSecurityFilterChain     : Will not secure Mvc [pattern='/api/users/**']
2026-02-20T07:17:48.925+05:30  WARN 35132 --- [wheelio-backend] [           main] ConfigServletWebServerApplicationContext : Exception encountered during context initialization - cancelling refresh attempt: org.springframework.context.ApplicationContextException: Failed to start bean 'webServerStartStop'
2026-02-20T07:17:48.943+05:30  INFO 35132 --- [wheelio-backend] [           main] .s.b.a.l.ConditionEvaluationReportLogger : 

Error starting ApplicationContext. To display the condition evaluation report re-run your application with 'debug' enabled.
2026-02-20T07:17:48.959+05:30 ERROR 35132 --- [wheelio-backend] [           main] o.s.b.d.LoggingFailureAnalysisReporter   : 

***************************
APPLICATION FAILED TO START
***************************

Description:

Web server failed to start. Port 8073 was already in use.

Action:

Identify and stop the process that's listening on port 8073 or configure this application to listen on another port.

[INFO] ------------------------------------------------------------------------
[INFO] BUILD FAILURE
[INFO] ------------------------------------------------------------------------
[INFO] Total time:  4.260 s
[INFO] Finished at: 2026-02-20T07:17:49+05:30
[INFO] ------------------------------------------------------------------------
[ERROR] Failed to execute goal org.springframework.boot:spring-boot-maven-plugin:3.2.3:run (default-cli) on project wheelio-backend: Process terminated with exit code: 1 -> [Help 1]
[ERROR] 
[ERROR] To see the full stack trace of the errors, re-run Maven with the -e switch.
[ERROR] Re-run Maven using the -X switch to enable full debug logging.
[ERROR] 
[ERROR] For more information about the errors and possible solutions, please read the following articles:
[ERROR] [Help 1] http://cwiki.apache.org/confluence/display/MAVEN/MojoExecutionException
