[INFO] Scanning for projects...
[INFO] 
[INFO] --------------------< com.wheelio:wheelio-backend >---------------------
[INFO] Building wheelio-backend 0.0.1-SNAPSHOT
[INFO]   from pom.xml
[INFO] --------------------------------[ jar ]---------------------------------
[INFO] 
[INFO] --- clean:3.3.2:clean (default-clean) @ wheelio-backend ---
[INFO] Deleting C:\Users\Vasigaran\Desktop\wheeliofinal-main\wheelio-backend\target
[INFO] 
[INFO] --- resources:3.3.1:resources (default-resources) @ wheelio-backend ---
[INFO] Copying 1 resource from src\main\resources to target\classes
[INFO] Copying 3 resources from src\main\resources to target\classes
[INFO] 
[INFO] --- compiler:3.11.0:compile (default-compile) @ wheelio-backend ---
[INFO] Changes detected - recompiling the module! :source
[INFO] Compiling 43 source files with javac [debug release 17] to target\classes
[INFO] 
[INFO] --- resources:3.3.1:testResources (default-testResources) @ wheelio-backend ---
[INFO] skip non existing resourceDirectory C:\Users\Vasigaran\Desktop\wheeliofinal-main\wheelio-backend\src\test\resources
[INFO] 
[INFO] --- compiler:3.11.0:testCompile (default-testCompile) @ wheelio-backend ---
[INFO] Changes detected - recompiling the module! :dependency
[INFO] Compiling 1 source file with javac [debug release 17] to target\test-classes
[INFO] 
[INFO] --- surefire:3.1.2:test (default-test) @ wheelio-backend ---
[INFO] Tests are skipped.
[INFO] 
[INFO] --- jar:3.3.0:jar (default-jar) @ wheelio-backend ---
[INFO] Building jar: C:\Users\Vasigaran\Desktop\wheeliofinal-main\wheelio-backend\target\wheelio-backend-0.0.1-SNAPSHOT.jar
[INFO] 
[INFO] --- spring-boot:3.2.3:repackage (repackage) @ wheelio-backend ---
Downloading from central: https://repo.maven.apache.org/maven2/org/springframework/boot/spring-boot-buildpack-platform/3.2.3/spring-boot-buildpack-platform-3.2.3.pom
Progress (1): 971 B
Progress (1): 2.9 kB
Progress (1): 3.2 kB
                    
Downloaded from central: https://repo.maven.apache.org/maven2/org/springframework/boot/spring-boot-buildpack-platform/3.2.3/spring-boot-buildpack-platform-3.2.3.pom (3.2 kB at 4.4 kB/s)
Downloading from central: https://repo.maven.apache.org/maven2/org/springframework/boot/spring-boot-loader-tools/3.2.3/spring-boot-loader-tools-3.2.3.pom
Progress (1): 1.0 kB
Progress (1): 2.2 kB
                    
Downloaded from central: https://repo.maven.apache.org/maven2/org/springframework/boot/spring-boot-loader-tools/3.2.3/spring-boot-loader-tools-3.2.3.pom (2.2 kB at 27 kB/s)
Downloading from central: https://repo.maven.apache.org/maven2/org/springframework/boot/spring-boot-buildpack-platform/3.2.3/spring-boot-buildpack-platform-3.2.3.jar
Downloading from central: https://repo.maven.apache.org/maven2/org/springframework/boot/spring-boot-loader-tools/3.2.3/spring-boot-loader-tools-3.2.3.jar
Progress (1): 0.9/434 kB
Progress (1): 2.3/434 kB
Progress (1): 3.7/434 kB
Progress (1): 5.0/434 kB
Progress (1): 6.4/434 kB
Progress (1): 7.8/434 kB
Progress (1): 8.2/434 kB
Progress (1): 9.6/434 kB
Progress (1): 11/434 kB 
Progress (1): 12/434 kB
Progress (1): 14/434 kB
Progress (1): 15/434 kB
Progress (1): 16/434 kB
Progress (1): 18/434 kB
Progress (1): 19/434 kB
Progress (1): 21/434 kB
Progress (1): 22/434 kB
Progress (1): 23/434 kB
Progress (1): 25/434 kB
Progress (1): 26/434 kB
Progress (1): 27/434 kB
Progress (1): 29/434 kB
Progress (1): 30/434 kB
Progress (1): 31/434 kB
Progress (1): 33/434 kB
Progress (1): 34/434 kB
Progress (1): 36/434 kB
Progress (1): 37/434 kB
Progress (1): 38/434 kB
Progress (1): 40/434 kB
Progress (1): 41/434 kB
Progress (1): 42/434 kB
Progress (1): 44/434 kB
Progress (1): 45/434 kB
Progress (1): 47/434 kB
Progress (1): 48/434 kB
Progress (1): 49/434 kB
Progress (1): 51/434 kB
Progress (1): 55/434 kB
Progress (1): 59/434 kB
Progress (1): 63/434 kB
Progress (1): 68/434 kB
Progress (1): 72/434 kB
Progress (1): 76/434 kB
Progress (1): 80/434 kB
Progress (1): 84/434 kB
Progress (1): 89/434 kB
Progress (1): 93/434 kB
Progress (1): 97/434 kB
Progress (1): 101/434 kB
Progress (1): 106/434 kB
Progress (1): 110/434 kB
Progress (1): 114/434 kB
Progress (1): 118/434 kB
Progress (1): 123/434 kB
Progress (1): 123/434 kB
Progress (1): 127/434 kB
Progress (1): 131/434 kB
Progress (1): 136/434 kB
Progress (1): 140/434 kB
Progress (1): 144/434 kB
Progress (1): 148/434 kB
Progress (1): 152/434 kB
Progress (1): 157/434 kB
Progress (1): 161/434 kB
Progress (1): 165/434 kB
Progress (1): 169/434 kB
Progress (1): 174/434 kB
Progress (1): 178/434 kB
Progress (1): 182/434 kB
Progress (1): 186/434 kB
Progress (1): 191/434 kB
Progress (1): 195/434 kB
Progress (2): 195/434 kB | 0.9/272 kB
Progress (2): 195/434 kB | 2.3/272 kB
Progress (2): 195/434 kB | 3.7/272 kB
Progress (2): 195/434 kB | 5.0/272 kB
Progress (2): 195/434 kB | 6.4/272 kB
Progress (2): 195/434 kB | 7.8/272 kB
Progress (2): 195/434 kB | 9.1/272 kB
Progress (2): 195/434 kB | 11/272 kB 
Progress (2): 195/434 kB | 12/272 kB
Progress (2): 195/434 kB | 13/272 kB
Progress (2): 195/434 kB | 15/272 kB
Progress (2): 195/434 kB | 16/272 kB
Progress (2): 195/434 kB | 17/272 kB
Progress (2): 195/434 kB | 19/272 kB
Progress (2): 195/434 kB | 20/272 kB
Progress (2): 195/434 kB | 21/272 kB
Progress (2): 195/434 kB | 23/272 kB
Progress (2): 195/434 kB | 24/272 kB
Progress (2): 195/434 kB | 25/272 kB
Progress (2): 195/434 kB | 26/272 kB
Progress (2): 195/434 kB | 27/272 kB
Progress (2): 195/434 kB | 29/272 kB
Progress (2): 195/434 kB | 30/272 kB
Progress (2): 195/434 kB | 31/272 kB
Progress (2): 195/434 kB | 33/272 kB
Progress (2): 195/434 kB | 34/272 kB
Progress (2): 195/434 kB | 36/272 kB
Progress (2): 195/434 kB | 37/272 kB
Progress (2): 195/434 kB | 38/272 kB
Progress (2): 195/434 kB | 40/272 kB
Progress (2): 195/434 kB | 41/272 kB
Progress (2): 199/434 kB | 41/272 kB
Progress (2): 199/434 kB | 42/272 kB
Progress (2): 203/434 kB | 42/272 kB
Progress (2): 203/434 kB | 44/272 kB
Progress (2): 203/434 kB | 45/272 kB
Progress (2): 203/434 kB | 46/272 kB
Progress (2): 203/434 kB | 48/272 kB
Progress (2): 203/434 kB | 49/272 kB
Progress (2): 207/434 kB | 49/272 kB
Progress (2): 207/434 kB | 51/272 kB
Progress (2): 207/434 kB | 52/272 kB
Progress (2): 212/434 kB | 52/272 kB
Progress (2): 212/434 kB | 53/272 kB
Progress (2): 212/434 kB | 55/272 kB
Progress (2): 216/434 kB | 55/272 kB
Progress (2): 216/434 kB | 59/272 kB
Progress (2): 232/434 kB | 59/272 kB
Progress (2): 249/434 kB | 59/272 kB
Progress (2): 254/434 kB | 59/272 kB
Progress (2): 270/434 kB | 59/272 kB
Progress (2): 287/434 kB | 59/272 kB
Progress (2): 303/434 kB | 59/272 kB
Progress (2): 303/434 kB | 63/272 kB
Progress (2): 319/434 kB | 63/272 kB
Progress (2): 319/434 kB | 67/272 kB
Progress (2): 319/434 kB | 72/272 kB
Progress (2): 319/434 kB | 76/272 kB
Progress (2): 319/434 kB | 80/272 kB
Progress (2): 319/434 kB | 84/272 kB
Progress (2): 319/434 kB | 89/272 kB
Progress (2): 319/434 kB | 93/272 kB
Progress (2): 319/434 kB | 97/272 kB
Progress (2): 319/434 kB | 101/272 kB
Progress (2): 319/434 kB | 105/272 kB
Progress (2): 319/434 kB | 110/272 kB
Progress (2): 336/434 kB | 110/272 kB
Progress (2): 336/434 kB | 114/272 kB
Progress (2): 336/434 kB | 118/272 kB
Progress (2): 352/434 kB | 118/272 kB
Progress (2): 369/434 kB | 118/272 kB
Progress (2): 369/434 kB | 122/272 kB
Progress (2): 385/434 kB | 122/272 kB
Progress (2): 401/434 kB | 122/272 kB
Progress (2): 418/434 kB | 122/272 kB
Progress (2): 418/434 kB | 127/272 kB
Progress (2): 418/434 kB | 131/272 kB
Progress (2): 434 kB | 131/272 kB    
                                 
Downloaded from central: https://repo.maven.apache.org/maven2/org/springframework/boot/spring-boot-loader-tools/3.2.3/spring-boot-loader-tools-3.2.3.jar (434 kB at 636 kB/s)
Progress (1): 135/272 kB
Progress (1): 139/272 kB
Progress (1): 144/272 kB
Progress (1): 148/272 kB
Progress (1): 152/272 kB
Progress (1): 156/272 kB
Progress (1): 160/272 kB
Progress (1): 164/272 kB
Progress (1): 168/272 kB
Progress (1): 173/272 kB
Progress (1): 177/272 kB
Progress (1): 181/272 kB
Progress (1): 185/272 kB
Progress (1): 189/272 kB
Progress (1): 194/272 kB
Progress (1): 198/272 kB
Progress (1): 202/272 kB
Progress (1): 206/272 kB
Progress (1): 211/272 kB
Progress (1): 215/272 kB
Progress (1): 219/272 kB
Progress (1): 223/272 kB
Progress (1): 240/272 kB
Progress (1): 256/272 kB
Progress (1): 272 kB    
                    
Downloaded from central: https://repo.maven.apache.org/maven2/org/springframework/boot/spring-boot-buildpack-platform/3.2.3/spring-boot-buildpack-platform-3.2.3.jar (272 kB at 323 kB/s)
[INFO] Replacing main artifact C:\Users\Vasigaran\Desktop\wheeliofinal-main\wheelio-backend\target\wheelio-backend-0.0.1-SNAPSHOT.jar with repackaged archive, adding nested dependencies in BOOT-INF/.
[INFO] The original artifact has been renamed to C:\Users\Vasigaran\Desktop\wheeliofinal-main\wheelio-backend\target\wheelio-backend-0.0.1-SNAPSHOT.jar.original
[INFO] ------------------------------------------------------------------------
[INFO] BUILD SUCCESS
[INFO] ------------------------------------------------------------------------
[INFO] Total time:  7.485 s
[INFO] Finished at: 2026-02-19T23:29:37+05:30
[INFO] ------------------------------------------------------------------------
