[INFO] Scanning for projects...
[INFO] 
[INFO] --------------------< com.wheelio:wheelio-backend >---------------------
[INFO] Building wheelio-backend 0.0.1-SNAPSHOT
[INFO]   from pom.xml
[INFO] --------------------------------[ jar ]---------------------------------
[INFO] 
[INFO] >>> spring-boot:3.2.3:run (default-cli) > test-compile @ wheelio-backend >>>
[INFO] 
[INFO] --- resources:3.3.1:resources (default-resources) @ wheelio-backend ---
[INFO] Copying 1 resource from src\main\resources to target\classes
[INFO] Copying 3 resources from src\main\resources to target\classes
[INFO] 
[INFO] --- compiler:3.11.0:compile (default-compile) @ wheelio-backend ---
[INFO] Nothing to compile - all classes are up to date
[INFO] 
[INFO] --- resources:3.3.1:testResources (default-testResources) @ wheelio-backend ---
[INFO] skip non existing resourceDirectory C:\Users\Vasigaran\Desktop\wheeliofinal-main\wheelio-backend\src\test\resources
[INFO] 
[INFO] --- compiler:3.11.0:testCompile (default-testCompile) @ wheelio-backend ---
[INFO] Nothing to compile - all classes are up to date
[INFO] 
[INFO] <<< spring-boot:3.2.3:run (default-cli) < test-compile @ wheelio-backend <<<
[INFO] 
[INFO] 
[INFO] --- spring-boot:3.2.3:run (default-cli) @ wheelio-backend ---
[INFO] Attaching agents: []

  .   ____          _            __ _ _
 /\\ / ___'_ __ _ _(_)_ __  __ _ \ \ \ \
( ( )\___ | '_ | '_| | '_ \/ _` | \ \ \ \
 \\/  ___)| |_)| | | | | || (_| |  ) ) ) )
  '  |____| .__|_| |_|_| |_\__, | / / / /
 =========|_|==============|___/=/_/_/_/
 :: Spring Boot ::                (v3.2.3)

2026-02-19T23:38:17.460+05:30  INFO 4604 --- [wheelio-backend] [           main] c.w.backend.WheelioBackendApplication    : Starting WheelioBackendApplication using Java 17.0.12 with PID 4604 (C:\Users\Vasigaran\Desktop\wheeliofinal-main\wheelio-backend\target\classes started by Vasigaran in C:\Users\Vasigaran\Desktop\wheeliofinal-main\wheelio-backend)
2026-02-19T23:38:17.462+05:30  INFO 4604 --- [wheelio-backend] [           main] c.w.backend.WheelioBackendApplication    : The following 1 profile is active: "dev"
2026-02-19T23:38:17.935+05:30  INFO 4604 --- [wheelio-backend] [           main] .s.d.r.c.RepositoryConfigurationDelegate : Bootstrapping Spring Data MongoDB repositories in DEFAULT mode.
2026-02-19T23:38:17.990+05:30  INFO 4604 --- [wheelio-backend] [           main] .s.d.r.c.RepositoryConfigurationDelegate : Finished Spring Data repository scanning in 53 ms. Found 7 MongoDB repository interfaces.
2026-02-19T23:38:18.412+05:30  INFO 4604 --- [wheelio-backend] [           main] o.s.b.w.embedded.tomcat.TomcatWebServer  : Tomcat initialized with port 8073 (http)
2026-02-19T23:38:18.421+05:30  INFO 4604 --- [wheelio-backend] [           main] o.apache.catalina.core.StandardService   : Starting service [Tomcat]
2026-02-19T23:38:18.421+05:30  INFO 4604 --- [wheelio-backend] [           main] o.apache.catalina.core.StandardEngine    : Starting Servlet engine: [Apache Tomcat/10.1.19]
2026-02-19T23:38:18.464+05:30  INFO 4604 --- [wheelio-backend] [           main] o.a.c.c.C.[Tomcat].[localhost].[/]       : Initializing Spring embedded WebApplicationContext
2026-02-19T23:38:18.466+05:30  INFO 4604 --- [wheelio-backend] [           main] w.s.c.ServletWebServerApplicationContext : Root WebApplicationContext: initialization completed in 955 ms
2026-02-19T23:38:18.610+05:30  INFO 4604 --- [wheelio-backend] [           main] org.mongodb.driver.client                : MongoClient with metadata {"driver": {"name": "mongo-java-driver|sync|spring-boot", "version": "4.11.1"}, "os": {"type": "Windows", "name": "Windows 11", "architecture": "amd64", "version": "10.0"}, "platform": "Java/Oracle Corporation/17.0.12+8-LTS-286"} created with settings MongoClientSettings{readPreference=primary, writeConcern=WriteConcern{w=null, wTimeout=null ms, journal=null}, retryWrites=true, retryReads=true, readConcern=ReadConcern{level=null}, credential=null, transportSettings=null, streamFactoryFactory=null, commandListeners=[], codecRegistry=ProvidersCodecRegistry{codecProviders=[ValueCodecProvider{}, BsonValueCodecProvider{}, DBRefCodecProvider{}, DBObjectCodecProvider{}, DocumentCodecProvider{}, CollectionCodecProvider{}, IterableCodecProvider{}, MapCodecProvider{}, GeoJsonCodecProvider{}, GridFSFileCodecProvider{}, Jsr310CodecProvider{}, JsonObjectCodecProvider{}, BsonCodecProvider{}, EnumCodecProvider{}, com.mongodb.client.model.mql.ExpressionCodecProvider@3ff54f3d, com.mongodb.Jep395RecordCodecProvider@14c93774, com.mongodb.KotlinCodecProvider@62a68bcb]}, loggerSettings=LoggerSettings{maxDocumentLength=1000}, clusterSettings={hosts=[localhost:27017], srvServiceName=mongodb, mode=SINGLE, requiredClusterType=UNKNOWN, requiredReplicaSetName='null', serverSelector='null', clusterListeners='[]', serverSelectionTimeout='30000 ms', localThreshold='15 ms'}, socketSettings=SocketSettings{connectTimeoutMS=10000, readTimeoutMS=0, receiveBufferSize=0, proxySettings=ProxySettings{host=null, port=null, username=null, password=null}}, heartbeatSocketSettings=SocketSettings{connectTimeoutMS=10000, readTimeoutMS=10000, receiveBufferSize=0, proxySettings=ProxySettings{host=null, port=null, username=null, password=null}}, connectionPoolSettings=ConnectionPoolSettings{maxSize=100, minSize=0, maxWaitTimeMS=120000, maxConnectionLifeTimeMS=0, maxConnectionIdleTimeMS=0, maintenanceInitialDelayMS=0, maintenanceFrequencyMS=60000, connectionPoolListeners=[], maxConnecting=2}, serverSettings=ServerSettings{heartbeatFrequencyMS=10000, minHeartbeatFrequencyMS=500, serverListeners='[]', serverMonitorListeners='[]'}, sslSettings=SslSettings{enabled=false, invalidHostNameAllowed=false, context=null}, applicationName='null', compressorList=[], uuidRepresentation=JAVA_LEGACY, serverApi=null, autoEncryptionSettings=null, dnsClient=null, inetAddressResolver=null, contextProvider=null}
2026-02-19T23:38:18.632+05:30  INFO 4604 --- [wheelio-backend] [localhost:27017] org.mongodb.driver.cluster               : Monitor thread successfully connected to server with description ServerDescription{address=localhost:27017, type=STANDALONE, state=CONNECTED, ok=true, minWireVersion=0, maxWireVersion=27, maxDocumentSize=16777216, logicalSessionTimeoutMinutes=30, roundTripTimeNanos=19440100}
2026-02-19T23:38:19.019+05:30  WARN 4604 --- [wheelio-backend] [           main] .s.s.UserDetailsServiceAutoConfiguration : 

Using generated security password: 0f8174c5-ff14-4cae-85b3-badd4ebb8e45

This generated password is for development use only. Your security configuration must be updated before running your application in production.

2026-02-19T23:38:19.168+05:30  INFO 4604 --- [wheelio-backend] [           main] o.s.s.web.DefaultSecurityFilterChain     : Will secure any request with [org.springframework.security.web.session.DisableEncodeUrlFilter@615e83ac, org.springframework.security.web.context.request.async.WebAsyncManagerIntegrationFilter@4438938e, org.springframework.security.web.context.SecurityContextHolderFilter@4601047, org.springframework.security.web.header.HeaderWriterFilter@6e0d16a4, org.springframework.web.filter.CorsFilter@4e50ae56, org.springframework.security.web.authentication.logout.LogoutFilter@58164e9a, com.wheelio.backend.security.JwtRequestFilter@12704e15, org.springframework.security.web.savedrequest.RequestCacheAwareFilter@3a0896b3, org.springframework.security.web.servletapi.SecurityContextHolderAwareRequestFilter@50a7c72b, org.springframework.security.web.authentication.AnonymousAuthenticationFilter@1c68d0db, org.springframework.security.web.access.ExceptionTranslationFilter@563317c1, org.springframework.security.web.access.intercept.AuthorizationFilter@4ebd6fd6]
--- Loading SecurityConfig WebSecurityCustomizer ---
2026-02-19T23:38:19.173+05:30  WARN 4604 --- [wheelio-backend] [           main] o.s.s.c.a.web.builders.WebSecurity       : You are asking Spring Security to ignore Mvc [pattern='/api/health']. This is not recommended -- please use permitAll via HttpSecurity#authorizeHttpRequests instead.
2026-02-19T23:38:19.173+05:30  INFO 4604 --- [wheelio-backend] [           main] o.s.s.web.DefaultSecurityFilterChain     : Will not secure Mvc [pattern='/api/health']
2026-02-19T23:38:19.173+05:30  WARN 4604 --- [wheelio-backend] [           main] o.s.s.c.a.web.builders.WebSecurity       : You are asking Spring Security to ignore Mvc [pattern='/api/vehicles']. This is not recommended -- please use permitAll via HttpSecurity#authorizeHttpRequests instead.
2026-02-19T23:38:19.173+05:30  INFO 4604 --- [wheelio-backend] [           main] o.s.s.web.DefaultSecurityFilterChain     : Will not secure Mvc [pattern='/api/vehicles']
2026-02-19T23:38:19.173+05:30  WARN 4604 --- [wheelio-backend] [           main] o.s.s.c.a.web.builders.WebSecurity       : You are asking Spring Security to ignore Mvc [pattern='/api/vehicles/**']. This is not recommended -- please use permitAll via HttpSecurity#authorizeHttpRequests instead.
2026-02-19T23:38:19.173+05:30  INFO 4604 --- [wheelio-backend] [           main] o.s.s.web.DefaultSecurityFilterChain     : Will not secure Mvc [pattern='/api/vehicles/**']
2026-02-19T23:38:19.173+05:30  WARN 4604 --- [wheelio-backend] [           main] o.s.s.c.a.web.builders.WebSecurity       : You are asking Spring Security to ignore Mvc [pattern='/api/auth/signup']. This is not recommended -- please use permitAll via HttpSecurity#authorizeHttpRequests instead.
2026-02-19T23:38:19.173+05:30  INFO 4604 --- [wheelio-backend] [           main] o.s.s.web.DefaultSecurityFilterChain     : Will not secure Mvc [pattern='/api/auth/signup']
2026-02-19T23:38:19.173+05:30  WARN 4604 --- [wheelio-backend] [           main] o.s.s.c.a.web.builders.WebSecurity       : You are asking Spring Security to ignore Mvc [pattern='/api/auth/login']. This is not recommended -- please use permitAll via HttpSecurity#authorizeHttpRequests instead.
2026-02-19T23:38:19.173+05:30  INFO 4604 --- [wheelio-backend] [           main] o.s.s.web.DefaultSecurityFilterChain     : Will not secure Mvc [pattern='/api/auth/login']
2026-02-19T23:38:19.283+05:30  INFO 4604 --- [wheelio-backend] [           main] o.s.b.w.embedded.tomcat.TomcatWebServer  : Tomcat started on port 8073 (http) with context path ''
2026-02-19T23:38:19.288+05:30  INFO 4604 --- [wheelio-backend] [           main] c.w.backend.WheelioBackendApplication    : Started WheelioBackendApplication in 2.152 seconds (process running for 2.51)
2026-02-19T23:38:19.318+05:30  INFO 4604 --- [wheelio-backend] [           main] com.wheelio.backend.config.DataSeeder    : Admin already exists, skipping.
2026-02-19T23:38:19.362+05:30  INFO 4604 --- [wheelio-backend] [           main] com.wheelio.backend.config.DataSeeder    : Seeded 24 vehicles.
2026-02-19T23:38:19.668+05:30  INFO 4604 --- [wheelio-backend] [           main] com.wheelio.backend.config.DataSeeder    : Seeded 8 drivers.
2026-02-19T23:39:15.543+05:30  INFO 4604 --- [wheelio-backend] [nio-8073-exec-1] o.a.c.c.C.[Tomcat].[localhost].[/]       : Initializing Spring DispatcherServlet 'dispatcherServlet'
2026-02-19T23:39:15.543+05:30  INFO 4604 --- [wheelio-backend] [nio-8073-exec-1] o.s.web.servlet.DispatcherServlet        : Initializing Servlet 'dispatcherServlet'
2026-02-19T23:39:15.544+05:30  INFO 4604 --- [wheelio-backend] [nio-8073-exec-1] o.s.web.servlet.DispatcherServlet        : Completed initialization in 1 ms
2026-02-20T00:11:48.638+05:30  INFO 4604 --- [wheelio-backend] [io-8073-exec-10] c.w.b.controller.BookingController       : Booking request: userId=699751f4758ab26fc13d7804, vehicleId=69975193758ab26fc13d77ef
2026-02-20T00:11:48.686+05:30  INFO 4604 --- [wheelio-backend] [io-8073-exec-10] c.w.b.controller.BookingController       : Booking created: 6997596c758ab26fc13d7805
[INFO] Scanning for projects...
Downloading from central: https://repo.maven.apache.org/maven2/org/springframework/boot/maven-metadata.xml
Downloading from central: https://repo.maven.apache.org/maven2/org/jooq/maven-metadata.xml
Downloading from central: https://repo.maven.apache.org/maven2/io/github/git-commit-id/maven-metadata.xml
Downloading from central: https://repo.maven.apache.org/maven2/org/flywaydb/maven-metadata.xml
Progress (1): 255 B
Progress (2): 255 B | 234 B
Progress (3): 255 B | 234 B | 398 B
Progress (4): 255 B | 234 B | 398 B | 249 B
                                           
Downloaded from central: https://repo.maven.apache.org/maven2/org/flywaydb/maven-metadata.xml (234 B at 171 B/s)
Downloaded from central: https://repo.maven.apache.org/maven2/io/github/git-commit-id/maven-metadata.xml (255 B at 187 B/s)
Downloaded from central: https://repo.maven.apache.org/maven2/org/springframework/boot/maven-metadata.xml (249 B at 182 B/s)
Downloaded from central: https://repo.maven.apache.org/maven2/org/jooq/maven-metadata.xml (398 B at 292 B/s)
Downloading from central: https://repo.maven.apache.org/maven2/org/jetbrains/kotlin/maven-metadata.xml
Downloading from central: https://repo.maven.apache.org/maven2/org/liquibase/maven-metadata.xml
Downloading from central: https://repo.maven.apache.org/maven2/org/graalvm/buildtools/maven-metadata.xml
Downloading from central: https://repo.maven.apache.org/maven2/org/apache/maven/plugins/maven-metadata.xml
Progress (1): 243 B
Progress (2): 243 B | 375 B
Progress (3): 243 B | 375 B | 242 B
Progress (4): 243 B | 375 B | 242 B | 4.6 kB
Progress (4): 243 B | 375 B | 242 B | 10 kB 
Progress (4): 243 B | 375 B | 242 B | 14 kB
                                           
Downloaded from central: https://repo.maven.apache.org/maven2/org/graalvm/buildtools/maven-metadata.xml (242 B at 1.4 kB/s)
Downloaded from central: https://repo.maven.apache.org/maven2/org/liquibase/maven-metadata.xml (243 B at 1.4 kB/s)
Downloading from central: https://repo.maven.apache.org/maven2/org/codehaus/mojo/maven-metadata.xml
Downloaded from central: https://repo.maven.apache.org/maven2/org/jetbrains/kotlin/maven-metadata.xml (375 B at 2.1 kB/s)
Downloaded from central: https://repo.maven.apache.org/maven2/org/apache/maven/plugins/maven-metadata.xml (14 kB at 80 kB/s)
Progress (1): 3.1 kB
Progress (1): 8.0 kB
Progress (1): 8.0 kB
Progress (1): 13 kB 
Progress (1): 17 kB
Progress (1): 20 kB
Progress (1): 21 kB
                   
Downloaded from central: https://repo.maven.apache.org/maven2/org/codehaus/mojo/maven-metadata.xml (21 kB at 68 kB/s)
[INFO] 
[INFO] --------------------< com.wheelio:wheelio-backend >---------------------
[INFO] Building wheelio-backend 0.0.1-SNAPSHOT
[INFO]   from pom.xml
[INFO] --------------------------------[ jar ]---------------------------------
[INFO] 
[INFO] >>> spring-boot:3.2.3:run (default-cli) > test-compile @ wheelio-backend >>>
[INFO] 
[INFO] --- resources:3.3.1:resources (default-resources) @ wheelio-backend ---
[INFO] Copying 1 resource from src\main\resources to target\classes
[INFO] Copying 3 resources from src\main\resources to target\classes
[INFO] 
[INFO] --- compiler:3.11.0:compile (default-compile) @ wheelio-backend ---
[INFO] Nothing to compile - all classes are up to date
[INFO] 
[INFO] --- resources:3.3.1:testResources (default-testResources) @ wheelio-backend ---
[INFO] skip non existing resourceDirectory C:\Users\Vasigaran\Desktop\wheeliofinal-main\wheelio-backend\src\test\resources
[INFO] 
[INFO] --- compiler:3.11.0:testCompile (default-testCompile) @ wheelio-backend ---
[INFO] Nothing to compile - all classes are up to date
[INFO] 
[INFO] <<< spring-boot:3.2.3:run (default-cli) < test-compile @ wheelio-backend <<<
[INFO] 
[INFO] 
[INFO] --- spring-boot:3.2.3:run (default-cli) @ wheelio-backend ---
[INFO] Attaching agents: []

  .   ____          _            __ _ _
 /\\ / ___'_ __ _ _(_)_ __  __ _ \ \ \ \
( ( )\___ | '_ | '_| | '_ \/ _` | \ \ \ \
 \\/  ___)| |_)| | | | | || (_| |  ) ) ) )
  '  |____| .__|_| |_|_| |_\__, | / / / /
 =========|_|==============|___/=/_/_/_/
 :: Spring Boot ::                (v3.2.3)

2026-02-20T00:25:01.551+05:30  INFO 25628 --- [wheelio-backend] [           main] c.w.backend.WheelioBackendApplication    : Starting WheelioBackendApplication using Java 17.0.12 with PID 25628 (C:\Users\Vasigaran\Desktop\wheeliofinal-main\wheelio-backend\target\classes started by Vasigaran in C:\Users\Vasigaran\Desktop\wheeliofinal-main\wheelio-backend)
2026-02-20T00:25:01.554+05:30  INFO 25628 --- [wheelio-backend] [           main] c.w.backend.WheelioBackendApplication    : The following 1 profile is active: "dev"
2026-02-20T00:25:02.229+05:30  INFO 25628 --- [wheelio-backend] [           main] .s.d.r.c.RepositoryConfigurationDelegate : Bootstrapping Spring Data MongoDB repositories in DEFAULT mode.
2026-02-20T00:25:02.345+05:30  INFO 25628 --- [wheelio-backend] [           main] .s.d.r.c.RepositoryConfigurationDelegate : Finished Spring Data repository scanning in 112 ms. Found 7 MongoDB repository interfaces.
2026-02-20T00:25:02.909+05:30  INFO 25628 --- [wheelio-backend] [           main] o.s.b.w.embedded.tomcat.TomcatWebServer  : Tomcat initialized with port 8073 (http)
2026-02-20T00:25:02.922+05:30  INFO 25628 --- [wheelio-backend] [           main] o.apache.catalina.core.StandardService   : Starting service [Tomcat]
2026-02-20T00:25:02.923+05:30  INFO 25628 --- [wheelio-backend] [           main] o.apache.catalina.core.StandardEngine    : Starting Servlet engine: [Apache Tomcat/10.1.19]
2026-02-20T00:25:02.993+05:30  INFO 25628 --- [wheelio-backend] [           main] o.a.c.c.C.[Tomcat].[localhost].[/]       : Initializing Spring embedded WebApplicationContext
2026-02-20T00:25:02.994+05:30  INFO 25628 --- [wheelio-backend] [           main] w.s.c.ServletWebServerApplicationContext : Root WebApplicationContext: initialization completed in 1387 ms
2026-02-20T00:25:03.222+05:30  INFO 25628 --- [wheelio-backend] [           main] org.mongodb.driver.client                : MongoClient with metadata {"driver": {"name": "mongo-java-driver|sync|spring-boot", "version": "4.11.1"}, "os": {"type": "Windows", "name": "Windows 11", "architecture": "amd64", "version": "10.0"}, "platform": "Java/Oracle Corporation/17.0.12+8-LTS-286"} created with settings MongoClientSettings{readPreference=primary, writeConcern=WriteConcern{w=null, wTimeout=null ms, journal=null}, retryWrites=true, retryReads=true, readConcern=ReadConcern{level=null}, credential=null, transportSettings=null, streamFactoryFactory=null, commandListeners=[], codecRegistry=ProvidersCodecRegistry{codecProviders=[ValueCodecProvider{}, BsonValueCodecProvider{}, DBRefCodecProvider{}, DBObjectCodecProvider{}, DocumentCodecProvider{}, CollectionCodecProvider{}, IterableCodecProvider{}, MapCodecProvider{}, GeoJsonCodecProvider{}, GridFSFileCodecProvider{}, Jsr310CodecProvider{}, JsonObjectCodecProvider{}, BsonCodecProvider{}, EnumCodecProvider{}, com.mongodb.client.model.mql.ExpressionCodecProvider@40247d48, com.mongodb.Jep395RecordCodecProvider@3ff54f3d, com.mongodb.KotlinCodecProvider@14c93774]}, loggerSettings=LoggerSettings{maxDocumentLength=1000}, clusterSettings={hosts=[localhost:27017], srvServiceName=mongodb, mode=SINGLE, requiredClusterType=UNKNOWN, requiredReplicaSetName='null', serverSelector='null', clusterListeners='[]', serverSelectionTimeout='30000 ms', localThreshold='15 ms'}, socketSettings=SocketSettings{connectTimeoutMS=10000, readTimeoutMS=0, receiveBufferSize=0, proxySettings=ProxySettings{host=null, port=null, username=null, password=null}}, heartbeatSocketSettings=SocketSettings{connectTimeoutMS=10000, readTimeoutMS=10000, receiveBufferSize=0, proxySettings=ProxySettings{host=null, port=null, username=null, password=null}}, connectionPoolSettings=ConnectionPoolSettings{maxSize=100, minSize=0, maxWaitTimeMS=120000, maxConnectionLifeTimeMS=0, maxConnectionIdleTimeMS=0, maintenanceInitialDelayMS=0, maintenanceFrequencyMS=60000, connectionPoolListeners=[], maxConnecting=2}, serverSettings=ServerSettings{heartbeatFrequencyMS=10000, minHeartbeatFrequencyMS=500, serverListeners='[]', serverMonitorListeners='[]'}, sslSettings=SslSettings{enabled=false, invalidHostNameAllowed=false, context=null}, applicationName='null', compressorList=[], uuidRepresentation=JAVA_LEGACY, serverApi=null, autoEncryptionSettings=null, dnsClient=null, inetAddressResolver=null, contextProvider=null}
2026-02-20T00:25:03.247+05:30  INFO 25628 --- [wheelio-backend] [localhost:27017] org.mongodb.driver.cluster               : Monitor thread successfully connected to server with description ServerDescription{address=localhost:27017, type=STANDALONE, state=CONNECTED, ok=true, minWireVersion=0, maxWireVersion=27, maxDocumentSize=16777216, logicalSessionTimeoutMinutes=30, roundTripTimeNanos=19902500}
2026-02-20T00:25:03.705+05:30  WARN 25628 --- [wheelio-backend] [           main] .s.s.UserDetailsServiceAutoConfiguration : 

Using generated security password: ea2780f8-186b-4dcc-9ee9-2731f80d57c0

This generated password is for development use only. Your security configuration must be updated before running your application in production.

2026-02-20T00:25:03.897+05:30  INFO 25628 --- [wheelio-backend] [           main] o.s.s.web.DefaultSecurityFilterChain     : Will secure any request with [org.springframework.security.web.session.DisableEncodeUrlFilter@91a2543, org.springframework.security.web.context.request.async.WebAsyncManagerIntegrationFilter@42730828, org.springframework.security.web.context.SecurityContextHolderFilter@221b77d7, org.springframework.security.web.header.HeaderWriterFilter@3a0896b3, org.springframework.web.filter.CorsFilter@18c7f6b5, org.springframework.security.web.authentication.logout.LogoutFilter@184afb78, com.wheelio.backend.security.JwtRequestFilter@5793b87, org.springframework.security.web.savedrequest.RequestCacheAwareFilter@32a8ca06, org.springframework.security.web.servletapi.SecurityContextHolderAwareRequestFilter@6e8f2094, org.springframework.security.web.authentication.AnonymousAuthenticationFilter@629b780f, org.springframework.security.web.access.ExceptionTranslationFilter@4601047, org.springframework.security.web.access.intercept.AuthorizationFilter@4e50ae56]
--- Loading SecurityConfig WebSecurityCustomizer ---
2026-02-20T00:25:03.902+05:30  WARN 25628 --- [wheelio-backend] [           main] o.s.s.c.a.web.builders.WebSecurity       : You are asking Spring Security to ignore Mvc [pattern='/api/health']. This is not recommended -- please use permitAll via HttpSecurity#authorizeHttpRequests instead.
2026-02-20T00:25:03.902+05:30  INFO 25628 --- [wheelio-backend] [           main] o.s.s.web.DefaultSecurityFilterChain     : Will not secure Mvc [pattern='/api/health']
2026-02-20T00:25:03.902+05:30  WARN 25628 --- [wheelio-backend] [           main] o.s.s.c.a.web.builders.WebSecurity       : You are asking Spring Security to ignore Mvc [pattern='/api/vehicles']. This is not recommended -- please use permitAll via HttpSecurity#authorizeHttpRequests instead.
2026-02-20T00:25:03.902+05:30  INFO 25628 --- [wheelio-backend] [           main] o.s.s.web.DefaultSecurityFilterChain     : Will not secure Mvc [pattern='/api/vehicles']
2026-02-20T00:25:03.902+05:30  WARN 25628 --- [wheelio-backend] [           main] o.s.s.c.a.web.builders.WebSecurity       : You are asking Spring Security to ignore Mvc [pattern='/api/vehicles/**']. This is not recommended -- please use permitAll via HttpSecurity#authorizeHttpRequests instead.
2026-02-20T00:25:03.902+05:30  INFO 25628 --- [wheelio-backend] [           main] o.s.s.web.DefaultSecurityFilterChain     : Will not secure Mvc [pattern='/api/vehicles/**']
2026-02-20T00:25:03.902+05:30  WARN 25628 --- [wheelio-backend] [           main] o.s.s.c.a.web.builders.WebSecurity       : You are asking Spring Security to ignore Mvc [pattern='/api/auth/signup']. This is not recommended -- please use permitAll via HttpSecurity#authorizeHttpRequests instead.
2026-02-20T00:25:03.902+05:30  INFO 25628 --- [wheelio-backend] [           main] o.s.s.web.DefaultSecurityFilterChain     : Will not secure Mvc [pattern='/api/auth/signup']
2026-02-20T00:25:03.902+05:30  WARN 25628 --- [wheelio-backend] [           main] o.s.s.c.a.web.builders.WebSecurity       : You are asking Spring Security to ignore Mvc [pattern='/api/auth/login']. This is not recommended -- please use permitAll via HttpSecurity#authorizeHttpRequests instead.
2026-02-20T00:25:03.902+05:30  INFO 25628 --- [wheelio-backend] [           main] o.s.s.web.DefaultSecurityFilterChain     : Will not secure Mvc [pattern='/api/auth/login']
2026-02-20T00:25:03.902+05:30  WARN 25628 --- [wheelio-backend] [           main] o.s.s.c.a.web.builders.WebSecurity       : You are asking Spring Security to ignore Mvc [pattern='/api/auth/me']. This is not recommended -- please use permitAll via HttpSecurity#authorizeHttpRequests instead.
2026-02-20T00:25:03.902+05:30  INFO 25628 --- [wheelio-backend] [           main] o.s.s.web.DefaultSecurityFilterChain     : Will not secure Mvc [pattern='/api/auth/me']
2026-02-20T00:25:03.902+05:30  WARN 25628 --- [wheelio-backend] [           main] o.s.s.c.a.web.builders.WebSecurity       : You are asking Spring Security to ignore Mvc [pattern='/api/damage-reports']. This is not recommended -- please use permitAll via HttpSecurity#authorizeHttpRequests instead.
2026-02-20T00:25:03.902+05:30  INFO 25628 --- [wheelio-backend] [           main] o.s.s.web.DefaultSecurityFilterChain     : Will not secure Mvc [pattern='/api/damage-reports']
2026-02-20T00:25:03.902+05:30  WARN 25628 --- [wheelio-backend] [           main] o.s.s.c.a.web.builders.WebSecurity       : You are asking Spring Security to ignore Mvc [pattern='/api/damage-reports/**']. This is not recommended -- please use permitAll via HttpSecurity#authorizeHttpRequests instead.
2026-02-20T00:25:03.902+05:30  INFO 25628 --- [wheelio-backend] [           main] o.s.s.web.DefaultSecurityFilterChain     : Will not secure Mvc [pattern='/api/damage-reports/**']
2026-02-20T00:25:03.902+05:30  WARN 25628 --- [wheelio-backend] [           main] o.s.s.c.a.web.builders.WebSecurity       : You are asking Spring Security to ignore Mvc [pattern='/api/bookings']. This is not recommended -- please use permitAll via HttpSecurity#authorizeHttpRequests instead.
2026-02-20T00:25:03.902+05:30  INFO 25628 --- [wheelio-backend] [           main] o.s.s.web.DefaultSecurityFilterChain     : Will not secure Mvc [pattern='/api/bookings']
2026-02-20T00:25:03.902+05:30  WARN 25628 --- [wheelio-backend] [           main] o.s.s.c.a.web.builders.WebSecurity       : You are asking Spring Security to ignore Mvc [pattern='/api/bookings/**']. This is not recommended -- please use permitAll via HttpSecurity#authorizeHttpRequests instead.
2026-02-20T00:25:03.902+05:30  INFO 25628 --- [wheelio-backend] [           main] o.s.s.web.DefaultSecurityFilterChain     : Will not secure Mvc [pattern='/api/bookings/**']
2026-02-20T00:25:03.902+05:30  WARN 25628 --- [wheelio-backend] [           main] o.s.s.c.a.web.builders.WebSecurity       : You are asking Spring Security to ignore Mvc [pattern='/api/users']. This is not recommended -- please use permitAll via HttpSecurity#authorizeHttpRequests instead.
2026-02-20T00:25:03.902+05:30  INFO 25628 --- [wheelio-backend] [           main] o.s.s.web.DefaultSecurityFilterChain     : Will not secure Mvc [pattern='/api/users']
2026-02-20T00:25:03.902+05:30  WARN 25628 --- [wheelio-backend] [           main] o.s.s.c.a.web.builders.WebSecurity       : You are asking Spring Security to ignore Mvc [pattern='/api/users/**']. This is not recommended -- please use permitAll via HttpSecurity#authorizeHttpRequests instead.
2026-02-20T00:25:03.902+05:30  INFO 25628 --- [wheelio-backend] [           main] o.s.s.web.DefaultSecurityFilterChain     : Will not secure Mvc [pattern='/api/users/**']
2026-02-20T00:25:04.030+05:30  INFO 25628 --- [wheelio-backend] [           main] o.s.b.w.embedded.tomcat.TomcatWebServer  : Tomcat started on port 8073 (http) with context path ''
2026-02-20T00:25:04.036+05:30  INFO 25628 --- [wheelio-backend] [           main] c.w.backend.WheelioBackendApplication    : Started WheelioBackendApplication in 2.904 seconds (process running for 3.276)
2026-02-20T00:25:04.075+05:30  INFO 25628 --- [wheelio-backend] [           main] com.wheelio.backend.config.DataSeeder    : Admin already exists, skipping.
2026-02-20T00:25:04.082+05:30  INFO 25628 --- [wheelio-backend] [           main] com.wheelio.backend.config.DataSeeder    : Vehicles already seeded, skipping.
2026-02-20T00:25:04.086+05:30  INFO 25628 --- [wheelio-backend] [           main] com.wheelio.backend.config.DataSeeder    : Drivers already seeded, skipping.
2026-02-20T00:28:56.549+05:30  INFO 25628 --- [wheelio-backend] [nio-8073-exec-5] o.a.c.c.C.[Tomcat].[localhost].[/]       : Initializing Spring DispatcherServlet 'dispatcherServlet'
2026-02-20T00:28:56.549+05:30  INFO 25628 --- [wheelio-backend] [nio-8073-exec-5] o.s.web.servlet.DispatcherServlet        : Initializing Servlet 'dispatcherServlet'
2026-02-20T00:28:56.551+05:30  INFO 25628 --- [wheelio-backend] [nio-8073-exec-5] o.s.web.servlet.DispatcherServlet        : Completed initialization in 2 ms
